::1 - - [04/Feb/2016:19:14:05 -0500] "GET / HTTP/1.1" 404 300
::1 - - [04/Feb/2016:19:14:15 -0500] "GET / HTTP/1.1" 404 300
::1 - - [04/Feb/2016:19:14:15 -0500] "GET /favicon.ico HTTP/1.1" 404 311
::1 - - [04/Feb/2016:20:53:48 -0500] "GET / HTTP/1.1" 404 300
::1 - - [04/Feb/2016:20:53:55 -0500] "GET /index.php HTTP/1.1" 404 309
127.0.0.1 - - [04/Feb/2016:20:54:37 -0500] "GET /index.php HTTP/1.1" 404 309
127.0.0.1 - - [04/Feb/2016:20:54:40 -0500] "GET / HTTP/1.1" 404 300
::1 - - [04/Feb/2016:20:57:19 -0500] "GET / HTTP/1.1" 404 300
::1 - - [04/Feb/2016:20:57:21 -0500] "GET / HTTP/1.1" 404 300
::1 - - [04/Feb/2016:20:58:02 -0500] "GET / HTTP/1.1" 404 300
::1 - - [04/Feb/2016:20:58:08 -0500] "GET /phpmyadmin HTTP/1.1" 404 310
::1 - - [04/Feb/2016:20:58:24 -0500] "GET /uwamp HTTP/1.1" 301 338
::1 - - [04/Feb/2016:20:58:24 -0500] "GET /uwamp/ HTTP/1.1" 200 7307
::1 - - [04/Feb/2016:20:58:24 -0500] "GET /uwamp/?getimg=title HTTP/1.1" 200 6119
::1 - - [04/Feb/2016:20:58:24 -0500] "GET /uwamp/?getimg=folder HTTP/1.1" 200 537
::1 - - [04/Feb/2016:20:58:25 -0500] "GET /uwamp/?getimg=favicon HTTP/1.1" 200 5430
::1 - - [04/Feb/2016:20:58:33 -0500] "GET /mysql/ HTTP/1.1" 200 8567
::1 - - [04/Feb/2016:20:58:33 -0500] "GET /mysql/themes/pmahomme/jquery/jquery-ui-1.9.2.custom.css HTTP/1.1" 200 32278
::1 - - [04/Feb/2016:20:58:33 -0500] "GET /mysql/themes/pmahomme/img/logo_right.png HTTP/1.1" 200 4548
::1 - - [04/Feb/2016:20:58:34 -0500] "GET /mysql/themes/dot.gif HTTP/1.1" 200 43
::1 - - [04/Feb/2016:20:58:33 -0500] "GET /mysql/js/get_scripts.js.php?lang=en&collation_connection=utf8_general_ci&token=85d5920210032b70148015d9ed8c9855&scripts[]=jquery/jquery-1.8.3.min.js&scripts[]=ajax.js&scripts[]=keyhandler.js&scripts[]=jquery/jquery-ui-1.9.2.custom.min.js&scripts[]=jquery/jquery.sprintf.js&scripts[]=jquery/jquery.cookie.js&scripts[]=jquery/jquery.mousewheel.js&scripts[]=jquery/jquery.event.drag-2.2.js&scripts[]=jquery/jquery-ui-timepicker-addon.js&scripts[]=jquery/jquery.ba-hashchange-1.3.js&scripts[]=jquery/jquery.debounce-1.0.5.js&scripts[]=jquery/jquery.menuResizer-1.0.js&scripts[]=cross_framing_protection.js&scripts[]=rte.js&scripts[]=tracekit/tracekit.js&scripts[]=error_report.js&scripts[]=doclinks.js&scripts[]=functions.js&scripts[]=navigation.js&scripts[]=indexes.js&scripts[]=common.js&scripts[]=codemirror/lib/codemirror.js&scripts[]=codemirror/mode/sql/sql.js&scripts[]=codemirror/addon/runmode/runmode.js HTTP/1.1" 200 1046464
::1 - - [04/Feb/2016:20:58:33 -0500] "GET /mysql/phpmyadmin.css.php?server=1&lang=en&collation_connection=utf8_general_ci&token=85d5920210032b70148015d9ed8c9855&nocache=4225102435ltr HTTP/1.1" 200 98150
::1 - - [04/Feb/2016:20:58:33 -0500] "GET /mysql/js/messages.php?lang=en&db=&collation_connection=utf8_general_ci&token=85d5920210032b70148015d9ed8c9855 HTTP/1.1" 200 17826
::1 - - [04/Feb/2016:20:58:33 -0500] "GET /mysql/js/get_image.js.php?theme=pmahomme HTTP/1.1" 200 6435
::1 - - [04/Feb/2016:20:58:34 -0500] "GET /mysql/themes/pmahomme/img/sprites.png HTTP/1.1" 200 42457
::1 - - [04/Feb/2016:20:58:34 -0500] "GET /mysql/favicon.ico HTTP/1.1" 200 18902
::1 - - [04/Feb/2016:20:59:32 -0500] "GET / HTTP/1.1" 404 300
::1 - - [04/Feb/2016:20:59:34 -0500] "GET / HTTP/1.1" 404 300
::1 - - [04/Feb/2016:20:59:39 -0500] "GET / HTTP/1.1" 404 300
::1 - - [04/Feb/2016:20:59:44 -0500] "GET /index.php HTTP/1.1" 404 309
::1 - - [04/Feb/2016:20:59:49 -0500] "GET /uwamp/ HTTP/1.1" 200 7349
::1 - - [04/Feb/2016:20:59:49 -0500] "GET /uwamp/?getimg=title HTTP/1.1" 200 6119
::1 - - [04/Feb/2016:20:59:49 -0500] "GET /uwamp/?getimg=folder HTTP/1.1" 200 537
::1 - - [04/Feb/2016:20:59:52 -0500] "GET / HTTP/1.1" 404 300
::1 - - [04/Feb/2016:21:00:21 -0500] "GET / HTTP/1.1" 404 300
::1 - - [04/Feb/2016:21:00:23 -0500] "GET /uwamp/ HTTP/1.1" 200 7349
::1 - - [04/Feb/2016:21:00:23 -0500] "GET /uwamp/?getimg=title HTTP/1.1" 200 6119
::1 - - [04/Feb/2016:21:00:23 -0500] "GET /uwamp/?getimg=folder HTTP/1.1" 200 537
::1 - - [04/Feb/2016:21:00:24 -0500] "GET /uwamp/?getimg=favicon HTTP/1.1" 200 5430
::1 - - [04/Feb/2016:21:00:26 -0500] "GET / HTTP/1.1" 404 300
::1 - - [04/Feb/2016:21:03:43 -0500] "GET / HTTP/1.1" 302 -
::1 - - [04/Feb/2016:21:03:43 -0500] "GET /wp-admin/setup-config.php HTTP/1.1" 200 7832
::1 - - [04/Feb/2016:21:03:46 -0500] "GET /wp-includes/css/buttons.min.css?ver=4.4.2 HTTP/1.1" 200 6361
::1 - - [04/Feb/2016:21:03:46 -0500] "GET /wp-admin/css/install.min.css?ver=4.4.2 HTTP/1.1" 200 5817
::1 - - [04/Feb/2016:21:03:46 -0500] "GET /wp-admin/js/language-chooser.min.js?ver=4.4.2 HTTP/1.1" 200 374
::1 - - [04/Feb/2016:21:03:46 -0500] "GET /wp-includes/js/jquery/jquery-migrate.min.js?ver=1.2.1 HTTP/1.1" 200 7200
::1 - - [04/Feb/2016:21:03:46 -0500] "GET /wp-includes/js/jquery/jquery.js?ver=1.11.3 HTTP/1.1" 200 95977
::1 - - [04/Feb/2016:21:03:46 -0500] "GET /wp-admin/images/spinner.gif HTTP/1.1" 200 4162
::1 - - [04/Feb/2016:21:03:46 -0500] "GET /wp-admin/images/wordpress-logo.svg?ver=20131107 HTTP/1.1" 200 1521
::1 - - [04/Feb/2016:21:51:59 -0500] "GET / HTTP/1.1" 302 -
::1 - - [04/Feb/2016:21:51:59 -0500] "GET /wp-admin/setup-config.php HTTP/1.1" 200 7832
::1 - - [04/Feb/2016:21:52:00 -0500] "GET /wp-includes/css/buttons.min.css?ver=4.4.2 HTTP/1.1" 304 -
::1 - - [04/Feb/2016:21:52:00 -0500] "GET /wp-admin/css/install.min.css?ver=4.4.2 HTTP/1.1" 304 -
::1 - - [04/Feb/2016:21:52:00 -0500] "GET /wp-admin/js/language-chooser.min.js?ver=4.4.2 HTTP/1.1" 304 -
::1 - - [04/Feb/2016:21:52:00 -0500] "GET /wp-includes/js/jquery/jquery.js?ver=1.11.3 HTTP/1.1" 304 -
::1 - - [04/Feb/2016:21:52:00 -0500] "GET /wp-includes/js/jquery/jquery-migrate.min.js?ver=1.2.1 HTTP/1.1" 304 -
::1 - - [04/Feb/2016:21:52:00 -0500] "GET /wp-admin/images/spinner.gif HTTP/1.1" 304 -
::1 - - [04/Feb/2016:21:52:00 -0500] "GET /wp-admin/images/wordpress-logo.svg?ver=20131107 HTTP/1.1" 304 -
::1 - - [08/Feb/2016:20:57:32 -0500] "GET / HTTP/1.1" 404 300
::1 - - [08/Feb/2016:20:57:32 -0500] "GET /favicon.ico HTTP/1.1" 404 311
::1 - - [08/Feb/2016:20:58:16 -0500] "GET / HTTP/1.1" 404 300
::1 - - [08/Feb/2016:21:04:42 -0500] "GET / HTTP/1.1" 302 -
::1 - - [08/Feb/2016:21:04:43 -0500] "GET /wp-admin/setup-config.php HTTP/1.1" 200 8105
::1 - - [08/Feb/2016:21:04:45 -0500] "GET /wp-includes/css/buttons.min.css?ver=4.4.2 HTTP/1.1" 200 6361
::1 - - [08/Feb/2016:21:04:45 -0500] "GET /wp-admin/css/install.min.css?ver=4.4.2 HTTP/1.1" 200 5817
::1 - - [08/Feb/2016:21:04:45 -0500] "GET /wp-includes/js/jquery/jquery-migrate.min.js?ver=1.2.1 HTTP/1.1" 200 7200
::1 - - [08/Feb/2016:21:04:45 -0500] "GET /wp-admin/js/language-chooser.min.js?ver=4.4.2 HTTP/1.1" 200 374
::1 - - [08/Feb/2016:21:04:45 -0500] "GET /wp-includes/js/jquery/jquery.js?ver=1.11.3 HTTP/1.1" 200 95977
::1 - - [08/Feb/2016:21:04:46 -0500] "GET /wp-admin/images/spinner.gif HTTP/1.1" 200 4162
::1 - - [08/Feb/2016:21:04:46 -0500] "GET /wp-admin/images/wordpress-logo.svg?ver=20131107 HTTP/1.1" 200 1521
