2016-02-03 11:38:27> Program: Starting Squirrel Updater: --createShortcut atom.exe
2016-02-03 11:38:27> ApplyReleasesImpl: About to create shortcuts for atom.exe, rootAppDir C:\Users\Jesse\AppData\Local\atom
2016-02-03 11:38:29> ApplyReleasesImpl: Creating shortcut for atom.exe => C:\Users\Jesse\AppData\Roaming\Microsoft\Windows\Start Menu\Programs\GitHub, Inc.\Atom.lnk
2016-02-03 11:38:29> ApplyReleasesImpl: About to save shortcut: C:\Users\Jesse\AppData\Roaming\Microsoft\Windows\Start Menu\Programs\GitHub, Inc.\Atom.lnk (target C:\Users\Jesse\AppData\Local\atom\Update.exe, workingDir C:\Users\Jesse\AppData\Local\atom\app-1.4.3, args --processStart atom.exe)
2016-02-03 11:38:29> ApplyReleasesImpl: Creating shortcut for atom.exe => C:\Users\Jesse\Desktop\Atom.lnk
2016-02-03 11:38:29> IEnableLogger: Can't write shortcut: C:\Users\Jesse\Desktop\Atom.lnk: System.UnauthorizedAccessException: Access to the path 'C:\Users\Jesse\Desktop\Atom.lnk' is denied.
   at System.IO.__Error.WinIOError(Int32 errorCode, String maybeFullPath)
   at System.IO.File.InternalDelete(String path, Boolean checkHost)
   at System.IO.File.Delete(String path)
   at Squirrel.UpdateManager.ApplyReleasesImpl.<>c__DisplayClassa3.<CreateShortcutsForExecutable>b__a0()
   at Squirrel.Utility.LogIfThrows(IFullLogger This, LogLevel level, String message, Action block)
2016-02-03 11:38:29> Unhandled exception: System.UnauthorizedAccessException: Access to the path 'C:\Users\Jesse\Desktop\Atom.lnk' is denied.
   at System.IO.__Error.WinIOError(Int32 errorCode, String maybeFullPath)
   at System.IO.File.InternalDelete(String path, Boolean checkHost)
   at System.IO.File.Delete(String path)
   at Squirrel.UpdateManager.ApplyReleasesImpl.<>c__DisplayClassa3.<CreateShortcutsForExecutable>b__a0()
   at Squirrel.Utility.LogIfThrows(IFullLogger This, LogLevel level, String message, Action block)
   at Squirrel.UpdateManager.ApplyReleasesImpl.CreateShortcutsForExecutable(String exeName, ShortcutLocation locations, Boolean updateOnly, String programArguments, String icon)
   at Squirrel.Update.Program.Shortcut(String exeName, String shortcutArgs, String processStartArgs, String icon)
   at Squirrel.Update.Program.executeCommandLine(String[] args)
   at Squirrel.Update.Program.main(String[] args)
2016-02-03 11:38:31> Program: Starting Squirrel Updater: --download https://atom.io/api/updates?version=1.4.3
2016-02-03 11:38:31> Program: Fetching update information, downloading from https://atom.io/api/updates?version=1.4.3
2016-02-03 11:38:31> SingleGlobalInstance: Failed to grab lockfile, will retry: C:\Users\Jesse\AppData\Local\Temp\.squirrel-lock-F4CB0BE9F625B11A2F253E36BF0A6A63BDADE8DB: System.IO.IOException: The process cannot access the file 'C:\Users\Jesse\AppData\Local\Temp\.squirrel-lock-F4CB0BE9F625B11A2F253E36BF0A6A63BDADE8DB' because it is being used by another process.
   at System.IO.__Error.WinIOError(Int32 errorCode, String maybeFullPath)
   at System.IO.FileStream.Init(String path, FileMode mode, FileAccess access, Int32 rights, Boolean useRights, FileShare share, Int32 bufferSize, FileOptions options, SECURITY_ATTRIBUTES secAttrs, String msgPath, Boolean bFromProxy, Boolean useLongPath, Boolean checkHost)
   at System.IO.FileStream..ctor(String path, FileMode mode, FileAccess access, FileShare share)
   at Squirrel.SingleGlobalInstance..ctor(String key, TimeSpan timeOut)
2016-02-03 11:38:31> SingleGlobalInstance: Failed to grab lockfile, will retry: C:\Users\Jesse\AppData\Local\Temp\.squirrel-lock-F4CB0BE9F625B11A2F253E36BF0A6A63BDADE8DB: System.IO.IOException: The process cannot access the file 'C:\Users\Jesse\AppData\Local\Temp\.squirrel-lock-F4CB0BE9F625B11A2F253E36BF0A6A63BDADE8DB' because it is being used by another process.
   at System.IO.__Error.WinIOError(Int32 errorCode, String maybeFullPath)
   at System.IO.FileStream.Init(String path, FileMode mode, FileAccess access, Int32 rights, Boolean useRights, FileShare share, Int32 bufferSize, FileOptions options, SECURITY_ATTRIBUTES secAttrs, String msgPath, Boolean bFromProxy, Boolean useLongPath, Boolean checkHost)
   at System.IO.FileStream..ctor(String path, FileMode mode, FileAccess access, FileShare share)
   at Squirrel.SingleGlobalInstance..ctor(String key, TimeSpan timeOut)
2016-02-03 11:38:31> SingleGlobalInstance: Failed to grab lockfile, will retry: C:\Users\Jesse\AppData\Local\Temp\.squirrel-lock-F4CB0BE9F625B11A2F253E36BF0A6A63BDADE8DB: System.IO.IOException: The process cannot access the file 'C:\Users\Jesse\AppData\Local\Temp\.squirrel-lock-F4CB0BE9F625B11A2F253E36BF0A6A63BDADE8DB' because it is being used by another process.
   at System.IO.__Error.WinIOError(Int32 errorCode, String maybeFullPath)
   at System.IO.FileStream.Init(String path, FileMode mode, FileAccess access, Int32 rights, Boolean useRights, FileShare share, Int32 bufferSize, FileOptions options, SECURITY_ATTRIBUTES secAttrs, String msgPath, Boolean bFromProxy, Boolean useLongPath, Boolean checkHost)
   at System.IO.FileStream..ctor(String path, FileMode mode, FileAccess access, FileShare share)
   at Squirrel.SingleGlobalInstance..ctor(String key, TimeSpan timeOut)
2016-02-03 11:38:32> SingleGlobalInstance: Failed to grab lockfile, will retry: C:\Users\Jesse\AppData\Local\Temp\.squirrel-lock-F4CB0BE9F625B11A2F253E36BF0A6A63BDADE8DB: System.IO.IOException: The process cannot access the file 'C:\Users\Jesse\AppData\Local\Temp\.squirrel-lock-F4CB0BE9F625B11A2F253E36BF0A6A63BDADE8DB' because it is being used by another process.
   at System.IO.__Error.WinIOError(Int32 errorCode, String maybeFullPath)
   at System.IO.FileStream.Init(String path, FileMode mode, FileAccess access, Int32 rights, Boolean useRights, FileShare share, Int32 bufferSize, FileOptions options, SECURITY_ATTRIBUTES secAttrs, String msgPath, Boolean bFromProxy, Boolean useLongPath, Boolean checkHost)
   at System.IO.FileStream..ctor(String path, FileMode mode, FileAccess access, FileShare share)
   at Squirrel.SingleGlobalInstance..ctor(String key, TimeSpan timeOut)
2016-02-03 11:38:32> SingleGlobalInstance: Failed to grab lockfile, will retry: C:\Users\Jesse\AppData\Local\Temp\.squirrel-lock-F4CB0BE9F625B11A2F253E36BF0A6A63BDADE8DB: System.IO.IOException: The process cannot access the file 'C:\Users\Jesse\AppData\Local\Temp\.squirrel-lock-F4CB0BE9F625B11A2F253E36BF0A6A63BDADE8DB' because it is being used by another process.
   at System.IO.__Error.WinIOError(Int32 errorCode, String maybeFullPath)
   at System.IO.FileStream.Init(String path, FileMode mode, FileAccess access, Int32 rights, Boolean useRights, FileShare share, Int32 bufferSize, FileOptions options, SECURITY_ATTRIBUTES secAttrs, String msgPath, Boolean bFromProxy, Boolean useLongPath, Boolean checkHost)
   at System.IO.FileStream..ctor(String path, FileMode mode, FileAccess access, FileShare share)
   at Squirrel.SingleGlobalInstance..ctor(String key, TimeSpan timeOut)
2016-02-03 11:38:33> SingleGlobalInstance: Failed to grab lockfile, will retry: C:\Users\Jesse\AppData\Local\Temp\.squirrel-lock-F4CB0BE9F625B11A2F253E36BF0A6A63BDADE8DB: System.IO.IOException: The process cannot access the file 'C:\Users\Jesse\AppData\Local\Temp\.squirrel-lock-F4CB0BE9F625B11A2F253E36BF0A6A63BDADE8DB' because it is being used by another process.
   at System.IO.__Error.WinIOError(Int32 errorCode, String maybeFullPath)
   at System.IO.FileStream.Init(String path, FileMode mode, FileAccess access, Int32 rights, Boolean useRights, FileShare share, Int32 bufferSize, FileOptions options, SECURITY_ATTRIBUTES secAttrs, String msgPath, Boolean bFromProxy, Boolean useLongPath, Boolean checkHost)
   at System.IO.FileStream..ctor(String path, FileMode mode, FileAccess access, FileShare share)
   at Squirrel.SingleGlobalInstance..ctor(String key, TimeSpan timeOut)
2016-02-03 11:38:33> SingleGlobalInstance: Failed to grab lockfile, will retry: C:\Users\Jesse\AppData\Local\Temp\.squirrel-lock-F4CB0BE9F625B11A2F253E36BF0A6A63BDADE8DB: System.IO.IOException: The process cannot access the file 'C:\Users\Jesse\AppData\Local\Temp\.squirrel-lock-F4CB0BE9F625B11A2F253E36BF0A6A63BDADE8DB' because it is being used by another process.
   at System.IO.__Error.WinIOError(Int32 errorCode, String maybeFullPath)
   at System.IO.FileStream.Init(String path, FileMode mode, FileAccess access, Int32 rights, Boolean useRights, FileShare share, Int32 bufferSize, FileOptions options, SECURITY_ATTRIBUTES secAttrs, String msgPath, Boolean bFromProxy, Boolean useLongPath, Boolean checkHost)
   at System.IO.FileStream..ctor(String path, FileMode mode, FileAccess access, FileShare share)
   at Squirrel.SingleGlobalInstance..ctor(String key, TimeSpan timeOut)
2016-02-03 11:38:33> Unhandled exception: System.AggregateException: One or more errors occurred. ---> System.Exception: Couldn't acquire lock, is another instance running
   at Squirrel.SingleGlobalInstance..ctor(String key, TimeSpan timeOut)
   at Squirrel.UpdateManager.<acquireUpdateLock>b__1e()
   at System.Threading.Tasks.Task`1.InnerInvoke()
   at System.Threading.Tasks.Task.Execute()
--- End of stack trace from previous location where exception was thrown ---
   at System.Runtime.CompilerServices.TaskAwaiter.ThrowForNonSuccess(Task task)
   at System.Runtime.CompilerServices.TaskAwaiter.HandleNonSuccessAndDebuggerNotification(Task task)
   at Squirrel.UpdateManager.<CheckForUpdate>d__0.MoveNext()
--- End of stack trace from previous location where exception was thrown ---
   at System.Runtime.CompilerServices.TaskAwaiter.ThrowForNonSuccess(Task task)
   at System.Runtime.CompilerServices.TaskAwaiter.HandleNonSuccessAndDebuggerNotification(Task task)
   at Squirrel.Update.Program.<Download>d__5c.MoveNext()
   --- End of inner exception stack trace ---
   at System.Threading.Tasks.Task.ThrowIfExceptional(Boolean includeTaskCanceledExceptions)
   at System.Threading.Tasks.Task`1.GetResultCore(Boolean waitCompletionNotification)
   at System.Threading.Tasks.Task`1.get_Result()
   at Squirrel.Update.Program.executeCommandLine(String[] args)
   at Squirrel.Update.Program.main(String[] args)
---> (Inner Exception #0) System.Exception: Couldn't acquire lock, is another instance running
   at Squirrel.SingleGlobalInstance..ctor(String key, TimeSpan timeOut)
   at Squirrel.UpdateManager.<acquireUpdateLock>b__1e()
   at System.Threading.Tasks.Task`1.InnerInvoke()
   at System.Threading.Tasks.Task.Execute()
--- End of stack trace from previous location where exception was thrown ---
   at System.Runtime.CompilerServices.TaskAwaiter.ThrowForNonSuccess(Task task)
   at System.Runtime.CompilerServices.TaskAwaiter.HandleNonSuccessAndDebuggerNotification(Task task)
   at Squirrel.UpdateManager.<CheckForUpdate>d__0.MoveNext()
--- End of stack trace from previous location where exception was thrown ---
   at System.Runtime.CompilerServices.TaskAwaiter.ThrowForNonSuccess(Task task)
   at System.Runtime.CompilerServices.TaskAwaiter.HandleNonSuccessAndDebuggerNotification(Task task)
   at Squirrel.Update.Program.<Download>d__5c.MoveNext()<---

2016-02-04 09:07:15> Program: Starting Squirrel Updater: --processStart atom.exe
2016-02-04 09:07:15> Program: Want to launch 'C:\Users\Jesse\AppData\Local\atom\app-1.4.3\atom.exe'
2016-02-04 09:07:15> Program: About to launch: 'C:\Users\Jesse\AppData\Local\atom\app-1.4.3\atom.exe': 
2016-02-04 12:29:39> Program: Starting Squirrel Updater: --download https://atom.io/api/updates?version=1.4.3
2016-02-04 12:29:39> Program: Fetching update information, downloading from https://atom.io/api/updates?version=1.4.3
2016-02-04 12:29:39> CheckForUpdateImpl: Downloading RELEASES file from https://atom.io/api/updates?version=1.4.3
2016-02-04 12:29:39> FileDownloader: Downloading url: https://atom.io/api/updates/RELEASES?version=1.4.3&id=atom&localVersion=1.4.3&arch=amd64
2016-02-04 13:19:26> Program: Starting Squirrel Updater: --download https://atom.io/api/updates?version=1.4.3
2016-02-04 13:19:26> Program: Fetching update information, downloading from https://atom.io/api/updates?version=1.4.3
2016-02-04 13:19:26> CheckForUpdateImpl: Downloading RELEASES file from https://atom.io/api/updates?version=1.4.3
2016-02-04 13:19:28> FileDownloader: Downloading url: https://atom.io/api/updates/RELEASES?version=1.4.3&id=atom&localVersion=1.4.3&arch=amd64
2016-02-04 13:19:55> Program: Starting Squirrel Updater: --download https://atom.io/api/updates?version=1.4.3
2016-02-04 13:19:55> Program: Fetching update information, downloading from https://atom.io/api/updates?version=1.4.3
2016-02-04 13:19:55> CheckForUpdateImpl: Downloading RELEASES file from https://atom.io/api/updates?version=1.4.3
2016-02-04 13:19:55> FileDownloader: Downloading url: https://atom.io/api/updates/RELEASES?version=1.4.3&id=atom&localVersion=1.4.3&arch=amd64
2016-02-04 13:20:29> Program: Starting Squirrel Updater: --download https://atom.io/api/updates?version=1.4.3
2016-02-04 13:20:29> Program: Fetching update information, downloading from https://atom.io/api/updates?version=1.4.3
2016-02-04 13:20:29> CheckForUpdateImpl: Downloading RELEASES file from https://atom.io/api/updates?version=1.4.3
2016-02-04 13:20:29> FileDownloader: Downloading url: https://atom.io/api/updates/RELEASES?version=1.4.3&id=atom&localVersion=1.4.3&arch=amd64
2016-02-04 13:23:46> Program: Starting Squirrel Updater: --download https://atom.io/api/updates?version=1.4.3
2016-02-04 13:23:46> Program: Fetching update information, downloading from https://atom.io/api/updates?version=1.4.3
2016-02-04 13:23:46> CheckForUpdateImpl: Downloading RELEASES file from https://atom.io/api/updates?version=1.4.3
2016-02-04 13:23:46> FileDownloader: Downloading url: https://atom.io/api/updates/RELEASES?version=1.4.3&id=atom&localVersion=1.4.3&arch=amd64
2016-02-04 13:32:39> Program: Starting Squirrel Updater: --download https://atom.io/api/updates?version=1.4.3
2016-02-04 13:32:39> Program: Fetching update information, downloading from https://atom.io/api/updates?version=1.4.3
2016-02-04 13:32:39> CheckForUpdateImpl: Downloading RELEASES file from https://atom.io/api/updates?version=1.4.3
2016-02-04 13:32:39> FileDownloader: Downloading url: https://atom.io/api/updates/RELEASES?version=1.4.3&id=atom&localVersion=1.4.3&arch=amd64
2016-02-04 13:35:26> Program: Starting Squirrel Updater: --download https://atom.io/api/updates?version=1.4.3
2016-02-04 13:35:26> Program: Fetching update information, downloading from https://atom.io/api/updates?version=1.4.3
2016-02-04 13:35:26> CheckForUpdateImpl: Downloading RELEASES file from https://atom.io/api/updates?version=1.4.3
2016-02-04 13:35:27> FileDownloader: Downloading url: https://atom.io/api/updates/RELEASES?version=1.4.3&id=atom&localVersion=1.4.3&arch=amd64
2016-02-04 13:38:15> Program: Starting Squirrel Updater: --download https://atom.io/api/updates?version=1.4.3
2016-02-04 13:38:15> Program: Fetching update information, downloading from https://atom.io/api/updates?version=1.4.3
2016-02-04 13:38:15> CheckForUpdateImpl: Downloading RELEASES file from https://atom.io/api/updates?version=1.4.3
2016-02-04 13:38:15> FileDownloader: Downloading url: https://atom.io/api/updates/RELEASES?version=1.4.3&id=atom&localVersion=1.4.3&arch=amd64
2016-02-04 13:39:39> Program: Starting Squirrel Updater: --download https://atom.io/api/updates?version=1.4.3
2016-02-04 13:39:39> Program: Fetching update information, downloading from https://atom.io/api/updates?version=1.4.3
2016-02-04 13:39:39> CheckForUpdateImpl: Downloading RELEASES file from https://atom.io/api/updates?version=1.4.3
2016-02-04 13:39:39> FileDownloader: Downloading url: https://atom.io/api/updates/RELEASES?version=1.4.3&id=atom&localVersion=1.4.3&arch=amd64
2016-02-04 13:40:04> Program: Starting Squirrel Updater: --download https://atom.io/api/updates?version=1.4.3
2016-02-04 13:40:04> Program: Fetching update information, downloading from https://atom.io/api/updates?version=1.4.3
2016-02-04 13:40:04> CheckForUpdateImpl: Downloading RELEASES file from https://atom.io/api/updates?version=1.4.3
2016-02-04 13:40:04> FileDownloader: Downloading url: https://atom.io/api/updates/RELEASES?version=1.4.3&id=atom&localVersion=1.4.3&arch=amd64
2016-02-04 13:40:49> Program: Starting Squirrel Updater: --download https://atom.io/api/updates?version=1.4.3
2016-02-04 13:40:49> Program: Fetching update information, downloading from https://atom.io/api/updates?version=1.4.3
2016-02-04 13:40:49> CheckForUpdateImpl: Downloading RELEASES file from https://atom.io/api/updates?version=1.4.3
2016-02-04 13:40:49> FileDownloader: Downloading url: https://atom.io/api/updates/RELEASES?version=1.4.3&id=atom&localVersion=1.4.3&arch=amd64
2016-02-04 13:49:38> Program: Starting Squirrel Updater: --download https://atom.io/api/updates?version=1.4.3
2016-02-04 13:49:39> Program: Fetching update information, downloading from https://atom.io/api/updates?version=1.4.3
2016-02-04 13:49:39> CheckForUpdateImpl: Downloading RELEASES file from https://atom.io/api/updates?version=1.4.3
2016-02-04 13:49:39> FileDownloader: Downloading url: https://atom.io/api/updates/RELEASES?version=1.4.3&id=atom&localVersion=1.4.3&arch=amd64
2016-02-04 13:50:31> Program: Starting Squirrel Updater: --download https://atom.io/api/updates?version=1.4.3
2016-02-04 13:50:31> Program: Fetching update information, downloading from https://atom.io/api/updates?version=1.4.3
2016-02-04 13:50:31> CheckForUpdateImpl: Downloading RELEASES file from https://atom.io/api/updates?version=1.4.3
2016-02-04 13:50:31> FileDownloader: Downloading url: https://atom.io/api/updates/RELEASES?version=1.4.3&id=atom&localVersion=1.4.3&arch=amd64
2016-02-04 13:50:36> Program: Starting Squirrel Updater: --download https://atom.io/api/updates?version=1.4.3
2016-02-04 13:50:36> Program: Fetching update information, downloading from https://atom.io/api/updates?version=1.4.3
2016-02-04 13:50:36> CheckForUpdateImpl: Downloading RELEASES file from https://atom.io/api/updates?version=1.4.3
2016-02-04 13:50:36> FileDownloader: Downloading url: https://atom.io/api/updates/RELEASES?version=1.4.3&id=atom&localVersion=1.4.3&arch=amd64
2016-02-04 13:51:38> Program: Starting Squirrel Updater: --download https://atom.io/api/updates?version=1.4.3
2016-02-04 13:51:38> Program: Fetching update information, downloading from https://atom.io/api/updates?version=1.4.3
2016-02-04 13:51:38> CheckForUpdateImpl: Downloading RELEASES file from https://atom.io/api/updates?version=1.4.3
2016-02-04 13:51:38> FileDownloader: Downloading url: https://atom.io/api/updates/RELEASES?version=1.4.3&id=atom&localVersion=1.4.3&arch=amd64
2016-02-04 13:51:48> Program: Starting Squirrel Updater: --download https://atom.io/api/updates?version=1.4.3
2016-02-04 13:51:48> Program: Fetching update information, downloading from https://atom.io/api/updates?version=1.4.3
2016-02-04 13:51:48> CheckForUpdateImpl: Downloading RELEASES file from https://atom.io/api/updates?version=1.4.3
2016-02-04 13:51:48> FileDownloader: Downloading url: https://atom.io/api/updates/RELEASES?version=1.4.3&id=atom&localVersion=1.4.3&arch=amd64
2016-02-04 13:52:14> Program: Starting Squirrel Updater: --download https://atom.io/api/updates?version=1.4.3
2016-02-04 13:52:14> Program: Fetching update information, downloading from https://atom.io/api/updates?version=1.4.3
2016-02-04 13:52:14> CheckForUpdateImpl: Downloading RELEASES file from https://atom.io/api/updates?version=1.4.3
2016-02-04 13:52:14> FileDownloader: Downloading url: https://atom.io/api/updates/RELEASES?version=1.4.3&id=atom&localVersion=1.4.3&arch=amd64
2016-02-04 13:53:09> Program: Starting Squirrel Updater: --download https://atom.io/api/updates?version=1.4.3
2016-02-04 13:53:09> Program: Fetching update information, downloading from https://atom.io/api/updates?version=1.4.3
2016-02-04 13:53:09> CheckForUpdateImpl: Downloading RELEASES file from https://atom.io/api/updates?version=1.4.3
2016-02-04 13:53:09> FileDownloader: Downloading url: https://atom.io/api/updates/RELEASES?version=1.4.3&id=atom&localVersion=1.4.3&arch=amd64
2016-02-04 13:54:05> Program: Starting Squirrel Updater: --download https://atom.io/api/updates?version=1.4.3
2016-02-04 13:54:05> Program: Fetching update information, downloading from https://atom.io/api/updates?version=1.4.3
2016-02-04 13:54:05> CheckForUpdateImpl: Downloading RELEASES file from https://atom.io/api/updates?version=1.4.3
2016-02-04 13:54:05> FileDownloader: Downloading url: https://atom.io/api/updates/RELEASES?version=1.4.3&id=atom&localVersion=1.4.3&arch=amd64
2016-02-04 13:55:43> Program: Starting Squirrel Updater: --download https://atom.io/api/updates?version=1.4.3
2016-02-04 13:55:43> Program: Fetching update information, downloading from https://atom.io/api/updates?version=1.4.3
2016-02-04 13:55:43> CheckForUpdateImpl: Downloading RELEASES file from https://atom.io/api/updates?version=1.4.3
2016-02-04 13:55:43> FileDownloader: Downloading url: https://atom.io/api/updates/RELEASES?version=1.4.3&id=atom&localVersion=1.4.3&arch=amd64
2016-02-04 13:57:44> Program: Starting Squirrel Updater: --download https://atom.io/api/updates?version=1.4.3
2016-02-04 13:57:44> Program: Fetching update information, downloading from https://atom.io/api/updates?version=1.4.3
2016-02-04 13:57:44> CheckForUpdateImpl: Downloading RELEASES file from https://atom.io/api/updates?version=1.4.3
2016-02-04 13:57:44> FileDownloader: Downloading url: https://atom.io/api/updates/RELEASES?version=1.4.3&id=atom&localVersion=1.4.3&arch=amd64
2016-02-04 14:23:06> Program: Starting Squirrel Updater: --download https://atom.io/api/updates?version=1.4.3
2016-02-04 14:23:06> Program: Fetching update information, downloading from https://atom.io/api/updates?version=1.4.3
2016-02-04 14:23:07> CheckForUpdateImpl: Downloading RELEASES file from https://atom.io/api/updates?version=1.4.3
2016-02-04 14:23:07> FileDownloader: Downloading url: https://atom.io/api/updates/RELEASES?version=1.4.3&id=atom&localVersion=1.4.3&arch=amd64
2016-02-04 14:53:34> Program: Starting Squirrel Updater: --download https://atom.io/api/updates?version=1.4.3
2016-02-04 14:53:34> Program: Fetching update information, downloading from https://atom.io/api/updates?version=1.4.3
2016-02-04 14:53:34> CheckForUpdateImpl: Downloading RELEASES file from https://atom.io/api/updates?version=1.4.3
2016-02-04 14:53:34> FileDownloader: Downloading url: https://atom.io/api/updates/RELEASES?version=1.4.3&id=atom&localVersion=1.4.3&arch=amd64
2016-02-04 16:45:56> Program: Starting Squirrel Updater: --download https://atom.io/api/updates?version=1.4.3
2016-02-04 16:45:56> Program: Fetching update information, downloading from https://atom.io/api/updates?version=1.4.3
2016-02-04 16:45:56> CheckForUpdateImpl: Downloading RELEASES file from https://atom.io/api/updates?version=1.4.3
2016-02-04 16:45:56> FileDownloader: Downloading url: https://atom.io/api/updates/RELEASES?version=1.4.3&id=atom&localVersion=1.4.3&arch=amd64
2016-02-04 16:46:06> Program: Starting Squirrel Updater: --download https://atom.io/api/updates?version=1.4.3
2016-02-04 16:46:06> Program: Fetching update information, downloading from https://atom.io/api/updates?version=1.4.3
2016-02-04 16:46:06> CheckForUpdateImpl: Downloading RELEASES file from https://atom.io/api/updates?version=1.4.3
2016-02-04 16:46:06> FileDownloader: Downloading url: https://atom.io/api/updates/RELEASES?version=1.4.3&id=atom&localVersion=1.4.3&arch=amd64
2016-02-04 19:08:52> Program: Starting Squirrel Updater: --download https://atom.io/api/updates?version=1.4.3
2016-02-04 19:08:52> Program: Fetching update information, downloading from https://atom.io/api/updates?version=1.4.3
2016-02-04 19:08:52> CheckForUpdateImpl: Downloading RELEASES file from https://atom.io/api/updates?version=1.4.3
2016-02-04 19:08:52> FileDownloader: Downloading url: https://atom.io/api/updates/RELEASES?version=1.4.3&id=atom&localVersion=1.4.3&arch=amd64
2016-02-04 20:30:30> Program: Starting Squirrel Updater: --download https://atom.io/api/updates?version=1.4.3
2016-02-04 20:30:30> Program: Fetching update information, downloading from https://atom.io/api/updates?version=1.4.3
2016-02-04 20:30:31> CheckForUpdateImpl: Downloading RELEASES file from https://atom.io/api/updates?version=1.4.3
2016-02-04 20:30:31> FileDownloader: Downloading url: https://atom.io/api/updates/RELEASES?version=1.4.3&id=atom&localVersion=1.4.3&arch=amd64
2016-02-04 22:37:09> Program: Starting Squirrel Updater: --download https://atom.io/api/updates?version=1.4.3
2016-02-04 22:37:09> Program: Fetching update information, downloading from https://atom.io/api/updates?version=1.4.3
2016-02-04 22:37:09> CheckForUpdateImpl: Downloading RELEASES file from https://atom.io/api/updates?version=1.4.3
2016-02-04 22:37:09> FileDownloader: Downloading url: https://atom.io/api/updates/RELEASES?version=1.4.3&id=atom&localVersion=1.4.3&arch=amd64
2016-02-04 22:43:24> Program: Starting Squirrel Updater: --download https://atom.io/api/updates?version=1.4.3
2016-02-04 22:43:24> Program: Fetching update information, downloading from https://atom.io/api/updates?version=1.4.3
2016-02-04 22:43:24> CheckForUpdateImpl: Downloading RELEASES file from https://atom.io/api/updates?version=1.4.3
2016-02-04 22:43:24> FileDownloader: Downloading url: https://atom.io/api/updates/RELEASES?version=1.4.3&id=atom&localVersion=1.4.3&arch=amd64
2016-02-04 22:46:10> Program: Starting Squirrel Updater: --download https://atom.io/api/updates?version=1.4.3
2016-02-04 22:46:10> Program: Fetching update information, downloading from https://atom.io/api/updates?version=1.4.3
2016-02-04 22:46:10> CheckForUpdateImpl: Downloading RELEASES file from https://atom.io/api/updates?version=1.4.3
2016-02-04 22:46:10> FileDownloader: Downloading url: https://atom.io/api/updates/RELEASES?version=1.4.3&id=atom&localVersion=1.4.3&arch=amd64
2016-02-05 09:26:59> Program: Starting Squirrel Updater: --download https://atom.io/api/updates?version=1.4.3
2016-02-05 09:26:59> Program: Fetching update information, downloading from https://atom.io/api/updates?version=1.4.3
2016-02-05 09:26:59> CheckForUpdateImpl: Downloading RELEASES file from https://atom.io/api/updates?version=1.4.3
2016-02-05 09:26:59> FileDownloader: Downloading url: https://atom.io/api/updates/RELEASES?version=1.4.3&id=atom&localVersion=1.4.3&arch=amd64
2016-02-05 09:29:54> Program: Starting Squirrel Updater: --download https://atom.io/api/updates?version=1.4.3
2016-02-05 09:29:54> Program: Fetching update information, downloading from https://atom.io/api/updates?version=1.4.3
2016-02-05 09:29:54> CheckForUpdateImpl: Downloading RELEASES file from https://atom.io/api/updates?version=1.4.3
2016-02-05 09:29:54> FileDownloader: Downloading url: https://atom.io/api/updates/RELEASES?version=1.4.3&id=atom&localVersion=1.4.3&arch=amd64
2016-02-05 21:01:06> Program: Starting Squirrel Updater: --download https://atom.io/api/updates?version=1.4.3
2016-02-05 21:01:06> Program: Fetching update information, downloading from https://atom.io/api/updates?version=1.4.3
2016-02-05 21:01:06> CheckForUpdateImpl: Downloading RELEASES file from https://atom.io/api/updates?version=1.4.3
2016-02-05 21:01:06> FileDownloader: Downloading url: https://atom.io/api/updates/RELEASES?version=1.4.3&id=atom&localVersion=1.4.3&arch=amd64
2016-02-05 22:30:27> Program: Starting Squirrel Updater: --download https://atom.io/api/updates?version=1.4.3
2016-02-05 22:30:27> Program: Fetching update information, downloading from https://atom.io/api/updates?version=1.4.3
2016-02-05 22:30:27> CheckForUpdateImpl: Downloading RELEASES file from https://atom.io/api/updates?version=1.4.3
2016-02-05 22:30:27> FileDownloader: Downloading url: https://atom.io/api/updates/RELEASES?version=1.4.3&id=atom&localVersion=1.4.3&arch=amd64
2016-02-05 22:31:15> Program: Starting Squirrel Updater: --download https://atom.io/api/updates?version=1.4.3
2016-02-05 22:31:15> Program: Fetching update information, downloading from https://atom.io/api/updates?version=1.4.3
2016-02-05 22:31:15> CheckForUpdateImpl: Downloading RELEASES file from https://atom.io/api/updates?version=1.4.3
2016-02-05 22:31:15> FileDownloader: Downloading url: https://atom.io/api/updates/RELEASES?version=1.4.3&id=atom&localVersion=1.4.3&arch=amd64
2016-02-05 22:32:17> Program: Starting Squirrel Updater: --download https://atom.io/api/updates?version=1.4.3
2016-02-05 22:32:17> Program: Fetching update information, downloading from https://atom.io/api/updates?version=1.4.3
2016-02-05 22:32:17> CheckForUpdateImpl: Downloading RELEASES file from https://atom.io/api/updates?version=1.4.3
2016-02-05 22:32:17> FileDownloader: Downloading url: https://atom.io/api/updates/RELEASES?version=1.4.3&id=atom&localVersion=1.4.3&arch=amd64
