usr/bin/
usr/bin/git-receive-pack.exe
usr/bin/git-shell.exe
usr/bin/git-upload-archive.exe
usr/bin/git-upload-pack.exe
usr/bin/git.exe
usr/libexec/git-core/
usr/libexec/git-core/git-add--interactive
usr/libexec/git-core/git-add.exe
usr/libexec/git-core/git-am.exe
usr/libexec/git-core/git-annotate.exe
usr/libexec/git-core/git-apply.exe
usr/libexec/git-core/git-archimport
usr/libexec/git-core/git-archive.exe
usr/libexec/git-core/git-bisect
usr/libexec/git-core/git-bisect--helper.exe
usr/libexec/git-core/git-blame.exe
usr/libexec/git-core/git-branch.exe
usr/libexec/git-core/git-bundle.exe
usr/libexec/git-core/git-cat-file.exe
usr/libexec/git-core/git-check-attr.exe
usr/libexec/git-core/git-check-ignore.exe
usr/libexec/git-core/git-check-mailmap.exe
usr/libexec/git-core/git-check-ref-format.exe
usr/libexec/git-core/git-checkout-index.exe
usr/libexec/git-core/git-checkout.exe
usr/libexec/git-core/git-cherry-pick.exe
usr/libexec/git-core/git-cherry.exe
usr/libexec/git-core/git-citool
usr/libexec/git-core/git-clean.exe
usr/libexec/git-core/git-clone.exe
usr/libexec/git-core/git-column.exe
usr/libexec/git-core/git-commit-tree.exe
usr/libexec/git-core/git-commit.exe
usr/libexec/git-core/git-config.exe
usr/libexec/git-core/git-count-objects.exe
usr/libexec/git-core/git-credential-cache--daemon.exe
usr/libexec/git-core/git-credential-cache.exe
usr/libexec/git-core/git-credential-store.exe
usr/libexec/git-core/git-credential.exe
usr/libexec/git-core/git-daemon.exe
usr/libexec/git-core/git-describe.exe
usr/libexec/git-core/git-diff-files.exe
usr/libexec/git-core/git-diff-index.exe
usr/libexec/git-core/git-diff-tree.exe
usr/libexec/git-core/git-diff.exe
usr/libexec/git-core/git-difftool
usr/libexec/git-core/git-difftool--helper
usr/libexec/git-core/git-fast-export.exe
usr/libexec/git-core/git-fast-import.exe
usr/libexec/git-core/git-fetch-pack.exe
usr/libexec/git-core/git-fetch.exe
usr/libexec/git-core/git-filter-branch
usr/libexec/git-core/git-fmt-merge-msg.exe
usr/libexec/git-core/git-for-each-ref.exe
usr/libexec/git-core/git-format-patch.exe
usr/libexec/git-core/git-fsck-objects.exe
usr/libexec/git-core/git-fsck.exe
usr/libexec/git-core/git-gc.exe
usr/libexec/git-core/git-get-tar-commit-id.exe
usr/libexec/git-core/git-grep.exe
usr/libexec/git-core/git-hash-object.exe
usr/libexec/git-core/git-help.exe
usr/libexec/git-core/git-http-backend.exe
usr/libexec/git-core/git-http-fetch.exe
usr/libexec/git-core/git-http-push.exe
usr/libexec/git-core/git-imap-send.exe
usr/libexec/git-core/git-index-pack.exe
usr/libexec/git-core/git-init-db.exe
usr/libexec/git-core/git-init.exe
usr/libexec/git-core/git-interpret-trailers.exe
usr/libexec/git-core/git-log.exe
usr/libexec/git-core/git-ls-files.exe
usr/libexec/git-core/git-ls-remote.exe
usr/libexec/git-core/git-ls-tree.exe
usr/libexec/git-core/git-mailinfo.exe
usr/libexec/git-core/git-mailsplit.exe
usr/libexec/git-core/git-merge-base.exe
usr/libexec/git-core/git-merge-file.exe
usr/libexec/git-core/git-merge-index.exe
usr/libexec/git-core/git-merge-octopus
usr/libexec/git-core/git-merge-one-file
usr/libexec/git-core/git-merge-ours.exe
usr/libexec/git-core/git-merge-recursive.exe
usr/libexec/git-core/git-merge-resolve
usr/libexec/git-core/git-merge-subtree.exe
usr/libexec/git-core/git-merge-tree.exe
usr/libexec/git-core/git-merge.exe
usr/libexec/git-core/git-mergetool
usr/libexec/git-core/git-mergetool--lib
usr/libexec/git-core/git-mktag.exe
usr/libexec/git-core/git-mktree.exe
usr/libexec/git-core/git-mv.exe
usr/libexec/git-core/git-name-rev.exe
usr/libexec/git-core/git-notes.exe
usr/libexec/git-core/git-p4
usr/libexec/git-core/git-pack-objects.exe
usr/libexec/git-core/git-pack-redundant.exe
usr/libexec/git-core/git-pack-refs.exe
usr/libexec/git-core/git-parse-remote
usr/libexec/git-core/git-patch-id.exe
usr/libexec/git-core/git-prune-packed.exe
usr/libexec/git-core/git-prune.exe
usr/libexec/git-core/git-pull.exe
usr/libexec/git-core/git-push.exe
usr/libexec/git-core/git-quiltimport
usr/libexec/git-core/git-read-tree.exe
usr/libexec/git-core/git-rebase
usr/libexec/git-core/git-rebase--am
usr/libexec/git-core/git-rebase--interactive
usr/libexec/git-core/git-rebase--merge
usr/libexec/git-core/git-receive-pack.exe
usr/libexec/git-core/git-reflog.exe
usr/libexec/git-core/git-relink
usr/libexec/git-core/git-remote-ext.exe
usr/libexec/git-core/git-remote-fd.exe
usr/libexec/git-core/git-remote-ftp.exe
usr/libexec/git-core/git-remote-ftps.exe
usr/libexec/git-core/git-remote-http.exe
usr/libexec/git-core/git-remote-https.exe
usr/libexec/git-core/git-remote-testsvn.exe
usr/libexec/git-core/git-remote.exe
usr/libexec/git-core/git-repack.exe
usr/libexec/git-core/git-replace.exe
usr/libexec/git-core/git-request-pull
usr/libexec/git-core/git-rerere.exe
usr/libexec/git-core/git-reset.exe
usr/libexec/git-core/git-rev-list.exe
usr/libexec/git-core/git-rev-parse.exe
usr/libexec/git-core/git-revert.exe
usr/libexec/git-core/git-rm.exe
usr/libexec/git-core/git-send-pack.exe
usr/libexec/git-core/git-sh-i18n
usr/libexec/git-core/git-sh-i18n--envsubst.exe
usr/libexec/git-core/git-sh-setup
usr/libexec/git-core/git-shell.exe
usr/libexec/git-core/git-shortlog.exe
usr/libexec/git-core/git-show-branch.exe
usr/libexec/git-core/git-show-index.exe
usr/libexec/git-core/git-show-ref.exe
usr/libexec/git-core/git-show.exe
usr/libexec/git-core/git-stage.exe
usr/libexec/git-core/git-stash
usr/libexec/git-core/git-status.exe
usr/libexec/git-core/git-stripspace.exe
usr/libexec/git-core/git-submodule
usr/libexec/git-core/git-submodule--helper.exe
usr/libexec/git-core/git-symbolic-ref.exe
usr/libexec/git-core/git-tag.exe
usr/libexec/git-core/git-unpack-file.exe
usr/libexec/git-core/git-unpack-objects.exe
usr/libexec/git-core/git-update-index.exe
usr/libexec/git-core/git-update-ref.exe
usr/libexec/git-core/git-update-server-info.exe
usr/libexec/git-core/git-upload-archive.exe
usr/libexec/git-core/git-upload-pack.exe
usr/libexec/git-core/git-var.exe
usr/libexec/git-core/git-verify-commit.exe
usr/libexec/git-core/git-verify-pack.exe
usr/libexec/git-core/git-verify-tag.exe
usr/libexec/git-core/git-web--browse
usr/libexec/git-core/git-whatchanged.exe
usr/libexec/git-core/git-worktree.exe
usr/libexec/git-core/git-write-tree.exe
usr/libexec/git-core/git.exe
usr/libexec/git-core/mergetools/
usr/libexec/git-core/mergetools/araxis
usr/libexec/git-core/mergetools/bc
usr/libexec/git-core/mergetools/bc3
usr/libexec/git-core/mergetools/codecompare
usr/libexec/git-core/mergetools/deltawalker
usr/libexec/git-core/mergetools/diffmerge
usr/libexec/git-core/mergetools/diffuse
usr/libexec/git-core/mergetools/ecmerge
usr/libexec/git-core/mergetools/emerge
usr/libexec/git-core/mergetools/gvimdiff
usr/libexec/git-core/mergetools/gvimdiff2
usr/libexec/git-core/mergetools/gvimdiff3
usr/libexec/git-core/mergetools/kdiff3
usr/libexec/git-core/mergetools/kompare
usr/libexec/git-core/mergetools/meld
usr/libexec/git-core/mergetools/opendiff
usr/libexec/git-core/mergetools/p4merge
usr/libexec/git-core/mergetools/tkdiff
usr/libexec/git-core/mergetools/tortoisemerge
usr/libexec/git-core/mergetools/vimdiff
usr/libexec/git-core/mergetools/vimdiff2
usr/libexec/git-core/mergetools/vimdiff3
usr/libexec/git-core/mergetools/winmerge
usr/libexec/git-core/mergetools/xxdiff
usr/lib/perl5/vendor_perl/5.22/
usr/lib/perl5/vendor_perl/5.22/Git/
usr/lib/perl5/vendor_perl/5.22/Git/I18N.pm
usr/lib/perl5/vendor_perl/5.22/Git/IndexInfo.pm
usr/lib/perl5/vendor_perl/5.22/Git.pm
usr/share/
usr/share/doc/
usr/share/doc/git/
usr/share/doc/git/COPYING
usr/share/doc/git/html/
usr/share/doc/git/html/blame-options.txt
usr/share/doc/git/html/cmds-ancillaryinterrogators.txt
usr/share/doc/git/html/cmds-ancillarymanipulators.txt
usr/share/doc/git/html/cmds-foreignscminterface.txt
usr/share/doc/git/html/cmds-mainporcelain.txt
usr/share/doc/git/html/cmds-plumbinginterrogators.txt
usr/share/doc/git/html/cmds-plumbingmanipulators.txt
usr/share/doc/git/html/cmds-purehelpers.txt
usr/share/doc/git/html/cmds-synchelpers.txt
usr/share/doc/git/html/cmds-synchingrepositories.txt
usr/share/doc/git/html/config.txt
usr/share/doc/git/html/date-formats.txt
usr/share/doc/git/html/diff-config.txt
usr/share/doc/git/html/diff-format.txt
usr/share/doc/git/html/diff-generate-patch.txt
usr/share/doc/git/html/diff-options.txt
usr/share/doc/git/html/docbook-xsl.css
usr/share/doc/git/html/everyday.html
usr/share/doc/git/html/fetch-options.txt
usr/share/doc/git/html/fmt-merge-msg-config.txt
usr/share/doc/git/html/git-add.html
usr/share/doc/git/html/git-add.txt
usr/share/doc/git/html/git-am.html
usr/share/doc/git/html/git-am.txt
usr/share/doc/git/html/git-annotate.html
usr/share/doc/git/html/git-annotate.txt
usr/share/doc/git/html/git-apply.html
usr/share/doc/git/html/git-apply.txt
usr/share/doc/git/html/git-archimport.html
usr/share/doc/git/html/git-archimport.txt
usr/share/doc/git/html/git-archive.html
usr/share/doc/git/html/git-archive.txt
usr/share/doc/git/html/git-bisect-lk2009.html
usr/share/doc/git/html/git-bisect-lk2009.txt
usr/share/doc/git/html/git-bisect.html
usr/share/doc/git/html/git-bisect.txt
usr/share/doc/git/html/git-blame.html
usr/share/doc/git/html/git-blame.txt
usr/share/doc/git/html/git-branch.html
usr/share/doc/git/html/git-branch.txt
usr/share/doc/git/html/git-bundle.html
usr/share/doc/git/html/git-bundle.txt
usr/share/doc/git/html/git-cat-file.html
usr/share/doc/git/html/git-cat-file.txt
usr/share/doc/git/html/git-check-attr.html
usr/share/doc/git/html/git-check-attr.txt
usr/share/doc/git/html/git-check-ignore.html
usr/share/doc/git/html/git-check-ignore.txt
usr/share/doc/git/html/git-check-mailmap.html
usr/share/doc/git/html/git-check-mailmap.txt
usr/share/doc/git/html/git-check-ref-format.html
usr/share/doc/git/html/git-check-ref-format.txt
usr/share/doc/git/html/git-checkout-index.html
usr/share/doc/git/html/git-checkout-index.txt
usr/share/doc/git/html/git-checkout.html
usr/share/doc/git/html/git-checkout.txt
usr/share/doc/git/html/git-cherry-pick.html
usr/share/doc/git/html/git-cherry-pick.txt
usr/share/doc/git/html/git-cherry.html
usr/share/doc/git/html/git-cherry.txt
usr/share/doc/git/html/git-citool.html
usr/share/doc/git/html/git-citool.txt
usr/share/doc/git/html/git-clean.html
usr/share/doc/git/html/git-clean.txt
usr/share/doc/git/html/git-clone.html
usr/share/doc/git/html/git-clone.txt
usr/share/doc/git/html/git-column.html
usr/share/doc/git/html/git-column.txt
usr/share/doc/git/html/git-commit-tree.html
usr/share/doc/git/html/git-commit-tree.txt
usr/share/doc/git/html/git-commit.html
usr/share/doc/git/html/git-commit.txt
usr/share/doc/git/html/git-config.html
usr/share/doc/git/html/git-config.txt
usr/share/doc/git/html/git-count-objects.html
usr/share/doc/git/html/git-count-objects.txt
usr/share/doc/git/html/git-credential-cache--daemon.html
usr/share/doc/git/html/git-credential-cache--daemon.txt
usr/share/doc/git/html/git-credential-cache.html
usr/share/doc/git/html/git-credential-cache.txt
usr/share/doc/git/html/git-credential-store.html
usr/share/doc/git/html/git-credential-store.txt
usr/share/doc/git/html/git-credential.html
usr/share/doc/git/html/git-credential.txt
usr/share/doc/git/html/git-daemon.html
usr/share/doc/git/html/git-daemon.txt
usr/share/doc/git/html/git-describe.html
usr/share/doc/git/html/git-describe.txt
usr/share/doc/git/html/git-diff-files.html
usr/share/doc/git/html/git-diff-files.txt
usr/share/doc/git/html/git-diff-index.html
usr/share/doc/git/html/git-diff-index.txt
usr/share/doc/git/html/git-diff-tree.html
usr/share/doc/git/html/git-diff-tree.txt
usr/share/doc/git/html/git-diff.html
usr/share/doc/git/html/git-diff.txt
usr/share/doc/git/html/git-difftool.html
usr/share/doc/git/html/git-difftool.txt
usr/share/doc/git/html/git-fast-export.html
usr/share/doc/git/html/git-fast-export.txt
usr/share/doc/git/html/git-fast-import.html
usr/share/doc/git/html/git-fast-import.txt
usr/share/doc/git/html/git-fetch-pack.html
usr/share/doc/git/html/git-fetch-pack.txt
usr/share/doc/git/html/git-fetch.html
usr/share/doc/git/html/git-fetch.txt
usr/share/doc/git/html/git-filter-branch.html
usr/share/doc/git/html/git-filter-branch.txt
usr/share/doc/git/html/git-fmt-merge-msg.html
usr/share/doc/git/html/git-fmt-merge-msg.txt
usr/share/doc/git/html/git-for-each-ref.html
usr/share/doc/git/html/git-for-each-ref.txt
usr/share/doc/git/html/git-format-patch.html
usr/share/doc/git/html/git-format-patch.txt
usr/share/doc/git/html/git-fsck-objects.html
usr/share/doc/git/html/git-fsck-objects.txt
usr/share/doc/git/html/git-fsck.html
usr/share/doc/git/html/git-fsck.txt
usr/share/doc/git/html/git-gc.html
usr/share/doc/git/html/git-gc.txt
usr/share/doc/git/html/git-get-tar-commit-id.html
usr/share/doc/git/html/git-get-tar-commit-id.txt
usr/share/doc/git/html/git-grep.html
usr/share/doc/git/html/git-grep.txt
usr/share/doc/git/html/git-hash-object.html
usr/share/doc/git/html/git-hash-object.txt
usr/share/doc/git/html/git-help.html
usr/share/doc/git/html/git-help.txt
usr/share/doc/git/html/git-http-backend.html
usr/share/doc/git/html/git-http-backend.txt
usr/share/doc/git/html/git-http-fetch.html
usr/share/doc/git/html/git-http-fetch.txt
usr/share/doc/git/html/git-http-push.html
usr/share/doc/git/html/git-http-push.txt
usr/share/doc/git/html/git-imap-send.html
usr/share/doc/git/html/git-imap-send.txt
usr/share/doc/git/html/git-index-pack.html
usr/share/doc/git/html/git-index-pack.txt
usr/share/doc/git/html/git-init-db.html
usr/share/doc/git/html/git-init-db.txt
usr/share/doc/git/html/git-init.html
usr/share/doc/git/html/git-init.txt
usr/share/doc/git/html/git-interpret-trailers.html
usr/share/doc/git/html/git-interpret-trailers.txt
usr/share/doc/git/html/git-log.html
usr/share/doc/git/html/git-log.txt
usr/share/doc/git/html/git-ls-files.html
usr/share/doc/git/html/git-ls-files.txt
usr/share/doc/git/html/git-ls-remote.html
usr/share/doc/git/html/git-ls-remote.txt
usr/share/doc/git/html/git-ls-tree.html
usr/share/doc/git/html/git-ls-tree.txt
usr/share/doc/git/html/git-mailinfo.html
usr/share/doc/git/html/git-mailinfo.txt
usr/share/doc/git/html/git-mailsplit.html
usr/share/doc/git/html/git-mailsplit.txt
usr/share/doc/git/html/git-merge-base.html
usr/share/doc/git/html/git-merge-base.txt
usr/share/doc/git/html/git-merge-file.html
usr/share/doc/git/html/git-merge-file.txt
usr/share/doc/git/html/git-merge-index.html
usr/share/doc/git/html/git-merge-index.txt
usr/share/doc/git/html/git-merge-one-file.html
usr/share/doc/git/html/git-merge-one-file.txt
usr/share/doc/git/html/git-merge-tree.html
usr/share/doc/git/html/git-merge-tree.txt
usr/share/doc/git/html/git-merge.html
usr/share/doc/git/html/git-merge.txt
usr/share/doc/git/html/git-mergetool--lib.html
usr/share/doc/git/html/git-mergetool--lib.txt
usr/share/doc/git/html/git-mergetool.html
usr/share/doc/git/html/git-mergetool.txt
usr/share/doc/git/html/git-mktag.html
usr/share/doc/git/html/git-mktag.txt
usr/share/doc/git/html/git-mktree.html
usr/share/doc/git/html/git-mktree.txt
usr/share/doc/git/html/git-mv.html
usr/share/doc/git/html/git-mv.txt
usr/share/doc/git/html/git-name-rev.html
usr/share/doc/git/html/git-name-rev.txt
usr/share/doc/git/html/git-notes.html
usr/share/doc/git/html/git-notes.txt
usr/share/doc/git/html/git-p4.html
usr/share/doc/git/html/git-p4.txt
usr/share/doc/git/html/git-pack-objects.html
usr/share/doc/git/html/git-pack-objects.txt
usr/share/doc/git/html/git-pack-redundant.html
usr/share/doc/git/html/git-pack-redundant.txt
usr/share/doc/git/html/git-pack-refs.html
usr/share/doc/git/html/git-pack-refs.txt
usr/share/doc/git/html/git-parse-remote.html
usr/share/doc/git/html/git-parse-remote.txt
usr/share/doc/git/html/git-patch-id.html
usr/share/doc/git/html/git-patch-id.txt
usr/share/doc/git/html/git-prune-packed.html
usr/share/doc/git/html/git-prune-packed.txt
usr/share/doc/git/html/git-prune.html
usr/share/doc/git/html/git-prune.txt
usr/share/doc/git/html/git-pull.html
usr/share/doc/git/html/git-pull.txt
usr/share/doc/git/html/git-push.html
usr/share/doc/git/html/git-push.txt
usr/share/doc/git/html/git-quiltimport.html
usr/share/doc/git/html/git-quiltimport.txt
usr/share/doc/git/html/git-read-tree.html
usr/share/doc/git/html/git-read-tree.txt
usr/share/doc/git/html/git-rebase.html
usr/share/doc/git/html/git-rebase.txt
usr/share/doc/git/html/git-receive-pack.html
usr/share/doc/git/html/git-receive-pack.txt
usr/share/doc/git/html/git-reflog.html
usr/share/doc/git/html/git-reflog.txt
usr/share/doc/git/html/git-relink.html
usr/share/doc/git/html/git-relink.txt
usr/share/doc/git/html/git-remote-ext.html
usr/share/doc/git/html/git-remote-ext.txt
usr/share/doc/git/html/git-remote-fd.html
usr/share/doc/git/html/git-remote-fd.txt
usr/share/doc/git/html/git-remote-helpers.html
usr/share/doc/git/html/git-remote-testgit.html
usr/share/doc/git/html/git-remote-testgit.txt
usr/share/doc/git/html/git-remote.html
usr/share/doc/git/html/git-remote.txt
usr/share/doc/git/html/git-repack.html
usr/share/doc/git/html/git-repack.txt
usr/share/doc/git/html/git-replace.html
usr/share/doc/git/html/git-replace.txt
usr/share/doc/git/html/git-request-pull.html
usr/share/doc/git/html/git-request-pull.txt
usr/share/doc/git/html/git-rerere.html
usr/share/doc/git/html/git-rerere.txt
usr/share/doc/git/html/git-reset.html
usr/share/doc/git/html/git-reset.txt
usr/share/doc/git/html/git-rev-list.html
usr/share/doc/git/html/git-rev-list.txt
usr/share/doc/git/html/git-rev-parse.html
usr/share/doc/git/html/git-rev-parse.txt
usr/share/doc/git/html/git-revert.html
usr/share/doc/git/html/git-revert.txt
usr/share/doc/git/html/git-rm.html
usr/share/doc/git/html/git-rm.txt
usr/share/doc/git/html/git-send-pack.html
usr/share/doc/git/html/git-send-pack.txt
usr/share/doc/git/html/git-sh-i18n--envsubst.html
usr/share/doc/git/html/git-sh-i18n--envsubst.txt
usr/share/doc/git/html/git-sh-i18n.html
usr/share/doc/git/html/git-sh-i18n.txt
usr/share/doc/git/html/git-sh-setup.html
usr/share/doc/git/html/git-sh-setup.txt
usr/share/doc/git/html/git-shell.html
usr/share/doc/git/html/git-shell.txt
usr/share/doc/git/html/git-shortlog.html
usr/share/doc/git/html/git-shortlog.txt
usr/share/doc/git/html/git-show-branch.html
usr/share/doc/git/html/git-show-branch.txt
usr/share/doc/git/html/git-show-index.html
usr/share/doc/git/html/git-show-index.txt
usr/share/doc/git/html/git-show-ref.html
usr/share/doc/git/html/git-show-ref.txt
usr/share/doc/git/html/git-show.html
usr/share/doc/git/html/git-show.txt
usr/share/doc/git/html/git-stage.html
usr/share/doc/git/html/git-stage.txt
usr/share/doc/git/html/git-stash.html
usr/share/doc/git/html/git-stash.txt
usr/share/doc/git/html/git-status.html
usr/share/doc/git/html/git-status.txt
usr/share/doc/git/html/git-stripspace.html
usr/share/doc/git/html/git-stripspace.txt
usr/share/doc/git/html/git-submodule.html
usr/share/doc/git/html/git-submodule.txt
usr/share/doc/git/html/git-symbolic-ref.html
usr/share/doc/git/html/git-symbolic-ref.txt
usr/share/doc/git/html/git-tag.html
usr/share/doc/git/html/git-tag.txt
usr/share/doc/git/html/git-tools.html
usr/share/doc/git/html/git-tools.txt
usr/share/doc/git/html/git-unpack-file.html
usr/share/doc/git/html/git-unpack-file.txt
usr/share/doc/git/html/git-unpack-objects.html
usr/share/doc/git/html/git-unpack-objects.txt
usr/share/doc/git/html/git-update-index.html
usr/share/doc/git/html/git-update-index.txt
usr/share/doc/git/html/git-update-ref.html
usr/share/doc/git/html/git-update-ref.txt
usr/share/doc/git/html/git-update-server-info.html
usr/share/doc/git/html/git-update-server-info.txt
usr/share/doc/git/html/git-upload-archive.html
usr/share/doc/git/html/git-upload-archive.txt
usr/share/doc/git/html/git-upload-pack.html
usr/share/doc/git/html/git-upload-pack.txt
usr/share/doc/git/html/git-var.html
usr/share/doc/git/html/git-var.txt
usr/share/doc/git/html/git-verify-commit.html
usr/share/doc/git/html/git-verify-commit.txt
usr/share/doc/git/html/git-verify-pack.html
usr/share/doc/git/html/git-verify-pack.txt
usr/share/doc/git/html/git-verify-tag.html
usr/share/doc/git/html/git-verify-tag.txt
usr/share/doc/git/html/git-web--browse.html
usr/share/doc/git/html/git-web--browse.txt
usr/share/doc/git/html/git-whatchanged.html
usr/share/doc/git/html/git-whatchanged.txt
usr/share/doc/git/html/git-worktree.html
usr/share/doc/git/html/git-worktree.txt
usr/share/doc/git/html/git-write-tree.html
usr/share/doc/git/html/git-write-tree.txt
usr/share/doc/git/html/git.html
usr/share/doc/git/html/git.txt
usr/share/doc/git/html/gitattributes.html
usr/share/doc/git/html/gitattributes.txt
usr/share/doc/git/html/gitcli.html
usr/share/doc/git/html/gitcli.txt
usr/share/doc/git/html/gitcore-tutorial.html
usr/share/doc/git/html/gitcore-tutorial.txt
usr/share/doc/git/html/gitcredentials.html
usr/share/doc/git/html/gitcredentials.txt
usr/share/doc/git/html/gitcvs-migration.html
usr/share/doc/git/html/gitcvs-migration.txt
usr/share/doc/git/html/gitdiffcore.html
usr/share/doc/git/html/gitdiffcore.txt
usr/share/doc/git/html/giteveryday.html
usr/share/doc/git/html/giteveryday.txt
usr/share/doc/git/html/gitglossary.html
usr/share/doc/git/html/gitglossary.txt
usr/share/doc/git/html/githooks.html
usr/share/doc/git/html/githooks.txt
usr/share/doc/git/html/gitignore.html
usr/share/doc/git/html/gitignore.txt
usr/share/doc/git/html/gitmodules.html
usr/share/doc/git/html/gitmodules.txt
usr/share/doc/git/html/gitnamespaces.html
usr/share/doc/git/html/gitnamespaces.txt
usr/share/doc/git/html/gitremote-helpers.html
usr/share/doc/git/html/gitremote-helpers.txt
usr/share/doc/git/html/gitrepository-layout.html
usr/share/doc/git/html/gitrepository-layout.txt
usr/share/doc/git/html/gitrevisions.html
usr/share/doc/git/html/gitrevisions.txt
usr/share/doc/git/html/gittutorial-2.html
usr/share/doc/git/html/gittutorial-2.txt
usr/share/doc/git/html/gittutorial.html
usr/share/doc/git/html/gittutorial.txt
usr/share/doc/git/html/gitworkflows.html
usr/share/doc/git/html/gitworkflows.txt
usr/share/doc/git/html/glossary-content.txt
usr/share/doc/git/html/howto/
usr/share/doc/git/html/howto/keep-canonical-history-correct.html
usr/share/doc/git/html/howto/keep-canonical-history-correct.txt
usr/share/doc/git/html/howto/maintain-git.html
usr/share/doc/git/html/howto/maintain-git.txt
usr/share/doc/git/html/howto/new-command.html
usr/share/doc/git/html/howto/new-command.txt
usr/share/doc/git/html/howto/rebase-from-internal-branch.html
usr/share/doc/git/html/howto/rebase-from-internal-branch.txt
usr/share/doc/git/html/howto/rebuild-from-update-hook.html
usr/share/doc/git/html/howto/rebuild-from-update-hook.txt
usr/share/doc/git/html/howto/recover-corrupted-blob-object.html
usr/share/doc/git/html/howto/recover-corrupted-blob-object.txt
usr/share/doc/git/html/howto/recover-corrupted-object-harder.html
usr/share/doc/git/html/howto/recover-corrupted-object-harder.txt
